<?xml version="1.0" encoding="UTF-8"?>
<testsuite xmlns:xsi="http://www.w3.org/2001/XMLSchema-instance" xsi:noNamespaceSchemaLocation="https://maven.apache.org/surefire/maven-surefire-plugin/xsd/surefire-test-report-3.0.xsd" version="3.0" name="co.unicauca.microkernel.gestionproyectos.core.domain.services.ProjectServiceTest" time="0.065" tests="4" errors="3" skipped="0" failures="0">
  <properties>
    <property name="java.specification.version" value="23"/>
    <property name="sun.cpu.isalist" value="amd64"/>
    <property name="sun.jnu.encoding" value="Cp1252"/>
    <property name="java.class.path" value="C:\Users\anvig\OneDrive\Documentos\NetBeansProjects\GestionProyectosMicrokernel\gestion-proyecto-microkernel\Microkernel_Core\target\test-classes;C:\Users\anvig\OneDrive\Documentos\NetBeansProjects\GestionProyectosMicrokernel\gestion-proyecto-microkernel\Microkernel_Core\target\classes;C:\Users\anvig\.m2\repository\org\junit\jupiter\junit-jupiter-api\5.10.3\junit-jupiter-api-5.10.3.jar;C:\Users\anvig\.m2\repository\org\opentest4j\opentest4j\1.3.0\opentest4j-1.3.0.jar;C:\Users\anvig\.m2\repository\org\junit\platform\junit-platform-commons\1.10.3\junit-platform-commons-1.10.3.jar;C:\Users\anvig\.m2\repository\org\apiguardian\apiguardian-api\1.1.2\apiguardian-api-1.1.2.jar;C:\Users\anvig\.m2\repository\org\junit\jupiter\junit-jupiter-params\5.10.3\junit-jupiter-params-5.10.3.jar;C:\Users\anvig\.m2\repository\org\junit\jupiter\junit-jupiter-engine\5.10.3\junit-jupiter-engine-5.10.3.jar;C:\Users\anvig\.m2\repository\org\junit\platform\junit-platform-engine\1.10.3\junit-platform-engine-1.10.3.jar;C:\Users\anvig\.m2\repository\org\mockito\mockito-core\5.15.2\mockito-core-5.15.2.jar;C:\Users\anvig\.m2\repository\net\bytebuddy\byte-buddy\1.15.11\byte-buddy-1.15.11.jar;C:\Users\anvig\.m2\repository\net\bytebuddy\byte-buddy-agent\1.15.11\byte-buddy-agent-1.15.11.jar;C:\Users\anvig\.m2\repository\org\objenesis\objenesis\3.3\objenesis-3.3.jar;C:\Users\anvig\.m2\repository\co\edu\unicauca\Microkernel_Project\0.0.1\Microkernel_Project-0.0.1.jar;C:\Users\anvig\.m2\repository\co\edu\unicauca\Microkernel_Common\0.0.1\Microkernel_Common-0.0.1.jar;"/>
    <property name="java.vm.vendor" value="Oracle Corporation"/>
    <property name="sun.arch.data.model" value="64"/>
    <property name="user.variant" value=""/>
    <property name="java.vendor.url" value="https://java.oracle.com/"/>
    <property name="user.timezone" value="America/Bogota"/>
    <property name="os.name" value="Windows 11"/>
    <property name="java.vm.specification.version" value="23"/>
    <property name="user.country" value="CO"/>
    <property name="sun.java.launcher" value="SUN_STANDARD"/>
    <property name="sun.boot.library.path" value="C:\Program Files\Java\jdk-23\bin"/>
    <property name="sun.java.command" value="C:\Users\anvig\AppData\Local\Temp\surefire5566311608651569862\surefirebooter-20250312001418520_3.jar C:\Users\anvig\AppData\Local\Temp\surefire5566311608651569862 2025-03-12T00-14-18_406-jvmRun1 surefire-20250312001418520_1tmp surefire_0-20250312001418520_2tmp"/>
    <property name="jdk.debug" value="release"/>
    <property name="surefire.test.class.path" value="C:\Users\anvig\OneDrive\Documentos\NetBeansProjects\GestionProyectosMicrokernel\gestion-proyecto-microkernel\Microkernel_Core\target\test-classes;C:\Users\anvig\OneDrive\Documentos\NetBeansProjects\GestionProyectosMicrokernel\gestion-proyecto-microkernel\Microkernel_Core\target\classes;C:\Users\anvig\.m2\repository\org\junit\jupiter\junit-jupiter-api\5.10.3\junit-jupiter-api-5.10.3.jar;C:\Users\anvig\.m2\repository\org\opentest4j\opentest4j\1.3.0\opentest4j-1.3.0.jar;C:\Users\anvig\.m2\repository\org\junit\platform\junit-platform-commons\1.10.3\junit-platform-commons-1.10.3.jar;C:\Users\anvig\.m2\repository\org\apiguardian\apiguardian-api\1.1.2\apiguardian-api-1.1.2.jar;C:\Users\anvig\.m2\repository\org\junit\jupiter\junit-jupiter-params\5.10.3\junit-jupiter-params-5.10.3.jar;C:\Users\anvig\.m2\repository\org\junit\jupiter\junit-jupiter-engine\5.10.3\junit-jupiter-engine-5.10.3.jar;C:\Users\anvig\.m2\repository\org\junit\platform\junit-platform-engine\1.10.3\junit-platform-engine-1.10.3.jar;C:\Users\anvig\.m2\repository\org\mockito\mockito-core\5.15.2\mockito-core-5.15.2.jar;C:\Users\anvig\.m2\repository\net\bytebuddy\byte-buddy\1.15.11\byte-buddy-1.15.11.jar;C:\Users\anvig\.m2\repository\net\bytebuddy\byte-buddy-agent\1.15.11\byte-buddy-agent-1.15.11.jar;C:\Users\anvig\.m2\repository\org\objenesis\objenesis\3.3\objenesis-3.3.jar;C:\Users\anvig\.m2\repository\co\edu\unicauca\Microkernel_Project\0.0.1\Microkernel_Project-0.0.1.jar;C:\Users\anvig\.m2\repository\co\edu\unicauca\Microkernel_Common\0.0.1\Microkernel_Common-0.0.1.jar;"/>
    <property name="sun.cpu.endian" value="little"/>
    <property name="user.home" value="C:\Users\anvig"/>
    <property name="user.language" value="es"/>
    <property name="java.specification.vendor" value="Oracle Corporation"/>
    <property name="java.version.date" value="2025-01-21"/>
    <property name="java.home" value="C:\Program Files\Java\jdk-23"/>
    <property name="file.separator" value="\"/>
    <property name="basedir" value="C:\Users\anvig\OneDrive\Documentos\NetBeansProjects\GestionProyectosMicrokernel\gestion-proyecto-microkernel\Microkernel_Core"/>
    <property name="java.vm.compressedOopsMode" value="Zero based"/>
    <property name="line.separator" value="&#10;"/>
    <property name="java.vm.specification.vendor" value="Oracle Corporation"/>
    <property name="java.specification.name" value="Java Platform API Specification"/>
    <property name="surefire.real.class.path" value="C:\Users\anvig\AppData\Local\Temp\surefire5566311608651569862\surefirebooter-20250312001418520_3.jar"/>
    <property name="user.script" value=""/>
    <property name="sun.management.compiler" value="HotSpot 64-Bit Tiered Compilers"/>
    <property name="java.runtime.version" value="23.0.2+7-58"/>
    <property name="user.name" value="anvig"/>
    <property name="stdout.encoding" value="Cp1252"/>
    <property name="path.separator" value=";"/>
    <property name="os.version" value="10.0"/>
    <property name="java.runtime.name" value="Java(TM) SE Runtime Environment"/>
    <property name="file.encoding" value="UTF-8"/>
    <property name="java.vm.name" value="Java HotSpot(TM) 64-Bit Server VM"/>
    <property name="maven.ext.class.path" value="C:\Program Files\NetBeans-24\netbeans\java\maven-nblib\netbeans-eventspy.jar"/>
    <property name="localRepository" value="C:\Users\anvig\.m2\repository"/>
    <property name="java.vendor.url.bug" value="https://bugreport.java.com/bugreport/"/>
    <property name="java.io.tmpdir" value="C:\Users\anvig\AppData\Local\Temp\"/>
    <property name="java.version" value="23.0.2"/>
    <property name="user.dir" value="C:\Users\anvig\OneDrive\Documentos\NetBeansProjects\GestionProyectosMicrokernel\gestion-proyecto-microkernel\Microkernel_Core"/>
    <property name="os.arch" value="amd64"/>
    <property name="java.vm.specification.name" value="Java Virtual Machine Specification"/>
    <property name="sun.os.patch.level" value=""/>
    <property name="native.encoding" value="Cp1252"/>
    <property name="java.library.path" value="C:\Program Files\Java\jdk-23\bin;C:\WINDOWS\Sun\Java\bin;C:\WINDOWS\system32;C:\WINDOWS;C:\Program Files\Common Files\Oracle\Java\javapath;C:\Program Files (x86)\Common Files\Oracle\Java\javapath;C:\WINDOWS\system32;C:\WINDOWS;C:\WINDOWS\System32\Wbem;C:\WINDOWS\System32\WindowsPowerShell\v1.0\;C:\WINDOWS\System32\OpenSSH\;C:\Program Files\Java\jdk-23\bin;C:\Program Files\Git\cmd;C:\Program Files\MATLAB\R2024b\bin;C:\Program Files\mingw64\bin;C:\laragon\bin\php\php-8.3.16-Win32-vs16-x64;C:\Users\anvig\AppData\Local\Programs\Python\Python313\Scripts\;C:\Users\anvig\AppData\Local\Programs\Python\Python313\;C:\Users\anvig\AppData\Local\Microsoft\WindowsApps;C:\Users\anvig\AppData\Local\GitHubDesktop\bin;C:\Users\anvig\AppData\Local\Programs\Microsoft VS Code\bin;C:\Program Files\mingw64\bin;C:\Users\anvig\AppData\Local\Programs\Python\Python313;C:\Users\anvig\AppData\Local\Programs\Python\Python313\Scripts;;."/>
    <property name="java.vm.info" value="mixed mode, sharing"/>
    <property name="stderr.encoding" value="Cp1252"/>
    <property name="java.vendor" value="Oracle Corporation"/>
    <property name="java.vm.version" value="23.0.2+7-58"/>
    <property name="sun.io.unicode.encoding" value="UnicodeLittle"/>
    <property name="java.class.version" value="67.0"/>
  </properties>
  <testcase name="testListProject" classname="co.unicauca.microkernel.gestionproyectos.core.domain.services.ProjectServiceTest" time="0.028">
    <error message="Cannot invoke &quot;co.unicauca.microkernel.gestionproyectos.core.plugin.manager.PluginManager.getPlugin(String)&quot; because &quot;manager&quot; is null" type="java.lang.NullPointerException"><![CDATA[java.lang.NullPointerException: Cannot invoke "co.unicauca.microkernel.gestionproyectos.core.plugin.manager.PluginManager.getPlugin(String)" because "manager" is null
	at co.unicauca.microkernel.gestionproyectos.core.domain.services.ProjectService.registerProject(ProjectService.java:51)
	at co.unicauca.microkernel.gestionproyectos.core.domain.services.ProjectServiceTest.testListProject(ProjectServiceTest.java:55)
	at java.base/java.lang.reflect.Method.invoke(Method.java:580)
	at java.base/java.util.ArrayList.forEach(ArrayList.java:1597)
	at java.base/java.util.ArrayList.forEach(ArrayList.java:1597)
]]></error>
  </testcase>
  <testcase name="testRegisterProject" classname="co.unicauca.microkernel.gestionproyectos.core.domain.services.ProjectServiceTest" time="0.002">
    <error message="Cannot invoke &quot;co.unicauca.microkernel.gestionproyectos.core.plugin.manager.PluginManager.getPlugin(String)&quot; because &quot;manager&quot; is null" type="java.lang.NullPointerException"><![CDATA[java.lang.NullPointerException: Cannot invoke "co.unicauca.microkernel.gestionproyectos.core.plugin.manager.PluginManager.getPlugin(String)" because "manager" is null
	at co.unicauca.microkernel.gestionproyectos.core.domain.services.ProjectService.registerProject(ProjectService.java:51)
	at co.unicauca.microkernel.gestionproyectos.core.domain.services.ProjectServiceTest.testRegisterProject(ProjectServiceTest.java:41)
	at java.base/java.lang.reflect.Method.invoke(Method.java:580)
	at java.base/java.util.ArrayList.forEach(ArrayList.java:1597)
	at java.base/java.util.ArrayList.forEach(ArrayList.java:1597)
]]></error>
  </testcase>
  <testcase name="testAssignProject" classname="co.unicauca.microkernel.gestionproyectos.core.domain.services.ProjectServiceTest" time="0.003">
    <error message="Cannot invoke &quot;co.unicauca.microkernel.gestionproyectos.core.plugin.manager.PluginManager.getPlugin(String)&quot; because &quot;manager&quot; is null" type="java.lang.NullPointerException"><![CDATA[java.lang.NullPointerException: Cannot invoke "co.unicauca.microkernel.gestionproyectos.core.plugin.manager.PluginManager.getPlugin(String)" because "manager" is null
	at co.unicauca.microkernel.gestionproyectos.core.domain.services.ProjectService.registerProject(ProjectService.java:51)
	at co.unicauca.microkernel.gestionproyectos.core.domain.services.ProjectServiceTest.testAssignProject(ProjectServiceTest.java:72)
	at java.base/java.lang.reflect.Method.invoke(Method.java:580)
	at java.base/java.util.ArrayList.forEach(ArrayList.java:1597)
	at java.base/java.util.ArrayList.forEach(ArrayList.java:1597)
]]></error>
  </testcase>
  <testcase name="testAssignProject_ProjectNotFound" classname="co.unicauca.microkernel.gestionproyectos.core.domain.services.ProjectServiceTest" time="0.004">
    <system-out><![CDATA[Proyecto no encontrado.
Proyecto no encontrado.
]]></system-out>
  </testcase>
</testsuite>